  AudioPluginUtil.cpp
c:\users\jurie\downloads\unity-technologies-nativeaudioplugins-3e8c1c437ba8\unity-technologies-nativeaudioplugins-3e8c1c437ba8\nativecode\audiopluginutil.cpp(9): warning C4996: 'strcpy': This function or variable may be unsafe. Consider using strcpy_s instead. To disable deprecation, use _CRT_SECURE_NO_WARNINGS. See online help for details.
  c:\program files (x86)\windows kits\10\include\10.0.17134.0\ucrt\string.h(133): note: see declaration of 'strcpy'
c:\users\jurie\downloads\unity-technologies-nativeaudioplugins-3e8c1c437ba8\unity-technologies-nativeaudioplugins-3e8c1c437ba8\nativecode\audiopluginutil.cpp(18): warning C4996: 'vsprintf': This function or variable may be unsafe. Consider using vsprintf_s instead. To disable deprecation, use _CRT_SECURE_NO_WARNINGS. See online help for details.
  c:\program files (x86)\windows kits\10\include\10.0.17134.0\ucrt\stdio.h(1469): note: see declaration of 'vsprintf'
c:\users\jurie\downloads\unity-technologies-nativeaudioplugins-3e8c1c437ba8\unity-technologies-nativeaudioplugins-3e8c1c437ba8\nativecode\audiopluginutil.cpp(29): warning C4018: '<': signed/unsigned mismatch
  c:\users\jurie\downloads\unity-technologies-nativeaudioplugins-3e8c1c437ba8\unity-technologies-nativeaudioplugins-3e8c1c437ba8\nativecode\audiopluginutil.cpp(96): note: see reference to function template instantiation 'void FFTProcess<double>(UnityComplexNumber *,int,bool)' being compiled
c:\users\jurie\downloads\unity-technologies-nativeaudioplugins-3e8c1c437ba8\unity-technologies-nativeaudioplugins-3e8c1c437ba8\nativecode\audiopluginutil.cpp(40): warning C4018: '<': signed/unsigned mismatch
c:\users\jurie\downloads\unity-technologies-nativeaudioplugins-3e8c1c437ba8\unity-technologies-nativeaudioplugins-3e8c1c437ba8\nativecode\audiopluginutil.cpp(53): warning C4018: '<': signed/unsigned mismatch
c:\users\jurie\downloads\unity-technologies-nativeaudioplugins-3e8c1c437ba8\unity-technologies-nativeaudioplugins-3e8c1c437ba8\nativecode\audiopluginutil.cpp(61): warning C4018: '<': signed/unsigned mismatch
c:\users\jurie\downloads\unity-technologies-nativeaudioplugins-3e8c1c437ba8\unity-technologies-nativeaudioplugins-3e8c1c437ba8\nativecode\audiopluginutil.h(76): warning C4244: '=': conversion from 'double' to 'float', possible loss of data
  c:\users\jurie\downloads\unity-technologies-nativeaudioplugins-3e8c1c437ba8\unity-technologies-nativeaudioplugins-3e8c1c437ba8\nativecode\audiopluginutil.cpp(84): note: see reference to function template instantiation 'void UnityComplexNumberT<float>::Sub<float,T,float>(const UnityComplexNumberT<float> &,const UnityComplexNumberT<T> &,UnityComplexNumberT<float> &)' being compiled
          with
          [
              T=double
          ]
  c:\users\jurie\downloads\unity-technologies-nativeaudioplugins-3e8c1c437ba8\unity-technologies-nativeaudioplugins-3e8c1c437ba8\nativecode\audiopluginutil.cpp(84): note: see reference to function template instantiation 'void UnityComplexNumberT<float>::Sub<float,T,float>(const UnityComplexNumberT<float> &,const UnityComplexNumberT<T> &,UnityComplexNumberT<float> &)' being compiled
          with
          [
              T=double
          ]
  c:\users\jurie\downloads\unity-technologies-nativeaudioplugins-3e8c1c437ba8\unity-technologies-nativeaudioplugins-3e8c1c437ba8\nativecode\audiopluginutil.cpp(96): note: see reference to function template instantiation 'void FFTProcess<double>(UnityComplexNumber *,int,bool)' being compiled
c:\users\jurie\downloads\unity-technologies-nativeaudioplugins-3e8c1c437ba8\unity-technologies-nativeaudioplugins-3e8c1c437ba8\nativecode\audiopluginutil.h(77): warning C4244: '=': conversion from 'double' to 'float', possible loss of data
c:\users\jurie\downloads\unity-technologies-nativeaudioplugins-3e8c1c437ba8\unity-technologies-nativeaudioplugins-3e8c1c437ba8\nativecode\audiopluginutil.h(69): warning C4244: '=': conversion from 'double' to 'float', possible loss of data
  c:\users\jurie\downloads\unity-technologies-nativeaudioplugins-3e8c1c437ba8\unity-technologies-nativeaudioplugins-3e8c1c437ba8\nativecode\audiopluginutil.cpp(85): note: see reference to function template instantiation 'void UnityComplexNumberT<float>::Add<float,T,float>(const UnityComplexNumberT<float> &,const UnityComplexNumberT<T> &,UnityComplexNumberT<float> &)' being compiled
          with
          [
              T=double
          ]
  c:\users\jurie\downloads\unity-technologies-nativeaudioplugins-3e8c1c437ba8\unity-technologies-nativeaudioplugins-3e8c1c437ba8\nativecode\audiopluginutil.cpp(85): note: see reference to function template instantiation 'void UnityComplexNumberT<float>::Add<float,T,float>(const UnityComplexNumberT<float> &,const UnityComplexNumberT<T> &,UnityComplexNumberT<float> &)' being compiled
          with
          [
              T=double
          ]
c:\users\jurie\downloads\unity-technologies-nativeaudioplugins-3e8c1c437ba8\unity-technologies-nativeaudioplugins-3e8c1c437ba8\nativecode\audiopluginutil.h(70): warning C4244: '=': conversion from 'double' to 'float', possible loss of data
  AudioPlugin00.cpp
c:\development\unity\audioplugin\nativecode\audioplugin00\audioplugin00\audioplugin00.cpp(34): warning C4244: 'argument': conversion from 'time_t' to 'unsigned int', possible loss of data
  Generating Code...
     Creating library C:\Development\Unity\AudioPlugin\NativeCode\AudioPlugin00\Debug\AudioPlugin00.lib and object C:\Development\Unity\AudioPlugin\NativeCode\AudioPlugin00\Debug\AudioPlugin00.exp
  AudioPlugin00.vcxproj -> C:\Development\Unity\AudioPlugin\NativeCode\AudioPlugin00\Debug\AudioPlugin00.dll
